<?xml version="1.0" encoding="UTF-8"?>
<!-- Generated by org.testng.reporters.JUnitReportReporter -->
<testsuite hostname="DESKTOP-TFN09I2" failures="0" tests="1" name="org.opencds.cqf.tooling.operation.RefreshIGOperationTest" time="6.626" errors="0" timestamp="2021-09-20T12:14:27 EDT" skipped="0">
  <testcase classname="org.opencds.cqf.tooling.operation.RefreshIGOperationTest" name="testBundledFiles" time="6.626"/>
  <system-out/>
</testsuite> <!-- org.opencds.cqf.tooling.operation.RefreshIGOperationTest -->
